<?xml version="1.0" encoding="UTF-8"?>
<!-- Generated by org.testng.reporters.JUnitReportReporter -->
<testsuite hostname="DIBYA" failures="0" tests="1" name="com.hrms.parallel.Parallel2" time="7.771" errors="0" timestamp="21 Mar 2023 09:49:08 GMT">
  <testcase classname="com.hrms.parallel.Parallel2" name="openFF" time="7.771"/>
</testsuite> <!-- com.hrms.parallel.Parallel2 -->
