<?xml version="1.0" encoding="UTF-8"?>
<!-- Generated by org.testng.reporters.JUnitReportReporter -->
<testsuite hostname="DIBYA" failures="0" tests="1" name="com.hrms.testscripts.TC002" time="38.815" errors="0" timestamp="20 Mar 2023 16:36:08 GMT">
  <testcase classname="com.hrms.testscripts.TC002" name="tc002" time="38.815"/>
</testsuite> <!-- com.hrms.testscripts.TC002 -->
