<?xml version="1.0" encoding="UTF-8"?>
<!-- Generated by org.testng.reporters.JUnitReportReporter -->
<testsuite hostname="DIBYA" failures="0" tests="1" name="com.hrms.parallel.Paralle1" time="10.862" errors="0" timestamp="21 Mar 2023 09:49:08 GMT">
  <testcase classname="com.hrms.parallel.Paralle1" name="openFF" time="10.862"/>
</testsuite> <!-- com.hrms.parallel.Paralle1 -->
